<?xml version="1.0" encoding="UTF-8"?>
<testng-results ignored="2" total="3" passed="1" failed="0" skipped="0">
  <reporter-output>
  </reporter-output>
  <suite started-at="2023-12-13T16:03:22 IST" name="Default suite" finished-at="2023-12-13T16:03:33 IST" duration-ms="10224">
    <groups>
    </groups>
    <test started-at="2023-12-13T16:03:22 IST" name="Default test" finished-at="2023-12-13T16:03:33 IST" duration-ms="10224">
      <class name="testcases.LoginPageTest">
        <test-method is-config="true" signature="setup()[pri:0, instance:testcases.LoginPageTest@2d9caaeb]" started-at="2023-12-13T16:03:22 IST" name="setup" finished-at="2023-12-13T16:03:31 IST" duration-ms="8737" status="PASS">
          <reporter-output>
          </reporter-output>
        </test-method> <!-- setup -->
        <test-method signature="loginToApplicationTest()[pri:1, instance:testcases.LoginPageTest@2d9caaeb]" started-at="2023-12-13T16:03:31 IST" name="loginToApplicationTest" finished-at="2023-12-13T16:03:32 IST" duration-ms="887" status="PASS">
          <reporter-output>
          </reporter-output>
        </test-method> <!-- loginToApplicationTest -->
        <test-method is-config="true" signature="closebrowser(org.testng.ITestResult)[pri:0, instance:testcases.LoginPageTest@2d9caaeb]" started-at="2023-12-13T16:03:32 IST" name="closebrowser" finished-at="2023-12-13T16:03:33 IST" duration-ms="550" status="PASS">
          <params>
            <param index="0">
              <value>
                <![CDATA[[TestResult name=loginToApplicationTest status=SUCCESS method=LoginPageTest.loginToApplicationTest()[pri:1, instance:testcases.LoginPageTest@2d9caaeb] output={null}]]]>
              </value>
            </param>
          </params>
          <reporter-output>
          </reporter-output>
        </test-method> <!-- closebrowser -->
      </class> <!-- testcases.LoginPageTest -->
    </test> <!-- Default test -->
  </suite> <!-- Default suite -->
</testng-results>
