<?xml version="1.0" encoding="UTF-8"?>
<!-- Generated by org.testng.reporters.JUnitXMLReporter -->
<testsuite ignored="0" hostname="Bhagyashri" failures="3" tests="19" name="Test" time="249.352" errors="0" timestamp="2023-12-05T18:55:27 IST">
  <testcase classname="testcases.CartPageTest" name="remove3ProductCartTest" time="3.262">
    <failure type="java.lang.AssertionError" message="expected [3] but found [4]">
      <![CDATA[java.lang.AssertionError: expected [3] but found [4]
at testcases.CartPageTest.remove3ProductCartTest(CartPageTest.java:52)
at java.base/java.util.ArrayList.forEach(ArrayList.java:1511)
... Removed 33 stack frames]]>
    </failure>
  </testcase> <!-- remove3ProductCartTest -->
  <testcase classname="testcases.CartPageTest" name="verifyCartQTYlableTest" time="3.259"/>
  <testcase classname="testcases.CartPageTest" name="verifyCartUrlApplicationTest" time="3.084"/>
  <testcase classname="testcases.CartPageTest" name="verifyCartdecriptionLableTest" time="3.253"/>
  <testcase classname="testcases.CartPageTest" name="verifyContinueShoppingCartUrlTest" time="3.28"/>
  <testcase classname="testcases.CartPageTest" name="verifyProductLableCartTest" time="0.086"/>
  <testcase classname="testcases.CartPageTest" name="verifyUrlCheckoutTest" time="6.288"/>
  <testcase classname="testcases.Inventory_Page_2_Test" name="VerifyTitleofApplication" time="2.033"/>
  <testcase classname="testcases.Inventory_Page_2_Test" name="add6ProductsTest" time="4.682"/>
  <testcase classname="testcases.Inventory_Page_2_Test" name="remove2ProductsTest" time="0.053">
    <failure type="java.lang.NullPointerException" message="Cannot invoke &amp;quot;org.apache.poi.ss.usermodel.Cell.getStringCellValue()&amp;quot; because the return value of &amp;quot;org.apache.poi.ss.usermodel.Row.getCell(int)&amp;quot; is null">
      <![CDATA[java.lang.NullPointerException: Cannot invoke "org.apache.poi.ss.usermodel.Cell.getStringCellValue()" because the return value of "org.apache.poi.ss.usermodel.Row.getCell(int)" is null
at utility.ReadData.readExcel(ReadData.java:24)
at testcases.Inventory_Page_2_Test.remove2ProductsTest(Inventory_Page_2_Test.java:89)
at java.base/java.util.ArrayList.forEach(ArrayList.java:1511)
... Removed 27 stack frames]]>
    </failure>
  </testcase> <!-- remove2ProductsTest -->
  <testcase classname="testcases.Inventory_Page_2_Test" name="verifyFacebookLogo" time="0.069"/>
  <testcase classname="testcases.Inventory_Page_2_Test" name="verifyLinkedInLogo" time="2.05"/>
  <testcase classname="testcases.Inventory_Page_2_Test" name="verifyProductsLebalTest" time="2.127"/>
  <testcase classname="testcases.Inventory_Page_2_Test" name="verifyTwitterLogoTest" time="2.04"/>
  <testcase classname="testcases.Inventory_Page_2_Test" name="verifyimage" time="3.056"/>
  <testcase classname="testcases.Inventory_Page_2_Test" name="verifyprice" time="2.045"/>
  <testcase classname="testcases.LoginPageTest" name="Title" time="0.173"/>
  <testcase classname="testcases.LoginPageTest" name="VerifyTitleofApplication" time="0.094"/>
  <testcase classname="testcases.LoginPageTest" name="loginToApplicationTest" time="0.055">
    <failure type="java.lang.NullPointerException" message="Cannot invoke &amp;quot;org.apache.poi.ss.usermodel.Cell.getStringCellValue()&amp;quot; because the return value of &amp;quot;org.apache.poi.ss.usermodel.Row.getCell(int)&amp;quot; is null">
      <![CDATA[java.lang.NullPointerException: Cannot invoke "org.apache.poi.ss.usermodel.Cell.getStringCellValue()" because the return value of "org.apache.poi.ss.usermodel.Row.getCell(int)" is null
at utility.ReadData.readExcel(ReadData.java:24)
at testcases.LoginPageTest.loginToApplicationTest(LoginPageTest.java:44)
at java.base/java.util.ArrayList.forEach(ArrayList.java:1511)
... Removed 27 stack frames]]>
    </failure>
  </testcase> <!-- loginToApplicationTest -->
</testsuite> <!-- Test -->
