<?xml version="1.0" encoding="UTF-8"?>
<!-- Generated by org.testng.reporters.JUnitXMLReporter -->
<testsuite ignored="9" hostname="Bhagyashri" failures="0" tests="3" name="Test_Group" time="28.233" errors="0" timestamp="2023-12-12T14:21:26 IST">
  <testcase classname="testcases.Inventory_Page_2_Test" name="verifyProductsLebalTest" time="2.679"/>
  <testcase classname="testcases.Inventory_Page_2_Test" name="verifyFacebookLogo" time="0.095"/>
  <testcase classname="testcases.LoginPageTest" name="Title" time="0.042"/>
  <testcase classname="testcases.LoginPageTest" name="VerifyTitleofApplication" time="0.0">
    <ignored/>
  </testcase> <!-- VerifyTitleofApplication -->
  <testcase classname="testcases.Inventory_Page_2_Test" name="add6ProductsTest" time="0.0">
    <ignored/>
  </testcase> <!-- add6ProductsTest -->
  <testcase classname="testcases.Inventory_Page_2_Test" name="verifyTwitterLogoTest" time="0.0">
    <ignored/>
  </testcase> <!-- verifyTwitterLogoTest -->
  <testcase classname="testcases.Inventory_Page_2_Test" name="verifyLinkedInLogo" time="0.0">
    <ignored/>
  </testcase> <!-- verifyLinkedInLogo -->
  <testcase classname="testcases.Inventory_Page_2_Test" name="verifyimage" time="0.0">
    <ignored/>
  </testcase> <!-- verifyimage -->
  <testcase classname="testcases.Inventory_Page_2_Test" name="verifyprice" time="0.0">
    <ignored/>
  </testcase> <!-- verifyprice -->
  <testcase classname="testcases.Inventory_Page_2_Test" name="remove2ProductsTest" time="0.0">
    <ignored/>
  </testcase> <!-- remove2ProductsTest -->
  <testcase classname="testcases.LoginPageTest" name="loginToApplicationTest" time="0.0">
    <ignored/>
  </testcase> <!-- loginToApplicationTest -->
  <testcase classname="testcases.Inventory_Page_2_Test" name="VerifyTitleofApplication" time="0.0">
    <ignored/>
  </testcase> <!-- VerifyTitleofApplication -->
</testsuite> <!-- Test_Group -->
