<?xml version="1.0" encoding="UTF-8"?>
<!-- Generated by org.testng.reporters.JUnitXMLReporter -->
<testsuite ignored="8" hostname="Bhagyashri" failures="0" tests="1" name="Default test(failed)" time="16.695" errors="0" timestamp="2023-12-05T11:47:28 IST">
  <testcase classname="testcases.Inventory_Page_2_Test" name="remove2ProductsTest" time="7.147"/>
  <testcase classname="testcases.Inventory_Page_2_Test" name="verifyTwitterLogoTest" time="0.0">
    <ignored/>
  </testcase> <!-- verifyTwitterLogoTest -->
  <testcase classname="testcases.Inventory_Page_2_Test" name="verifyFacebookLogo" time="0.0">
    <ignored/>
  </testcase> <!-- verifyFacebookLogo -->
  <testcase classname="testcases.Inventory_Page_2_Test" name="add6ProductsTest" time="0.0">
    <ignored/>
  </testcase> <!-- add6ProductsTest -->
  <testcase classname="testcases.Inventory_Page_2_Test" name="verifyProductsLebalTest" time="0.0">
    <ignored/>
  </testcase> <!-- verifyProductsLebalTest -->
  <testcase classname="testcases.Inventory_Page_2_Test" name="verifyimage" time="0.0">
    <ignored/>
  </testcase> <!-- verifyimage -->
  <testcase classname="testcases.Inventory_Page_2_Test" name="VerifyTitleofApplication" time="0.0">
    <ignored/>
  </testcase> <!-- VerifyTitleofApplication -->
  <testcase classname="testcases.Inventory_Page_2_Test" name="verifyLinkedInLogo" time="0.0">
    <ignored/>
  </testcase> <!-- verifyLinkedInLogo -->
  <testcase classname="testcases.Inventory_Page_2_Test" name="verifyprice" time="0.0">
    <ignored/>
  </testcase> <!-- verifyprice -->
</testsuite> <!-- Default test(failed) -->
