<?xml version="1.0" encoding="UTF-8"?>
<!-- Generated by org.testng.reporters.JUnitXMLReporter -->
<testsuite ignored="0" hostname="Bhagyashri" failures="2" tests="12" name="Test" time="129.953" errors="0" timestamp="2023-12-05T11:59:44 IST">
  <testcase classname="testcases.Inventory_Page_2_Test" name="VerifyTitleofApplication" time="2.053"/>
  <testcase classname="testcases.Inventory_Page_2_Test" name="add6ProductsTest" time="3.939"/>
  <testcase classname="testcases.Inventory_Page_2_Test" name="remove2ProductsTest" time="0.035">
    <failure type="java.lang.NullPointerException" message="Cannot invoke &amp;quot;org.apache.poi.ss.usermodel.Cell.getStringCellValue()&amp;quot; because the return value of &amp;quot;org.apache.poi.ss.usermodel.Row.getCell(int)&amp;quot; is null">
      <![CDATA[java.lang.NullPointerException: Cannot invoke "org.apache.poi.ss.usermodel.Cell.getStringCellValue()" because the return value of "org.apache.poi.ss.usermodel.Row.getCell(int)" is null
at utility.ReadData.readExcel(ReadData.java:24)
at testcases.Inventory_Page_2_Test.remove2ProductsTest(Inventory_Page_2_Test.java:89)
at java.base/java.util.ArrayList.forEach(ArrayList.java:1511)
... Removed 27 stack frames]]>
    </failure>
  </testcase> <!-- remove2ProductsTest -->
  <testcase classname="testcases.Inventory_Page_2_Test" name="verifyFacebookLogo" time="0.041"/>
  <testcase classname="testcases.Inventory_Page_2_Test" name="verifyLinkedInLogo" time="2.044"/>
  <testcase classname="testcases.Inventory_Page_2_Test" name="verifyProductsLebalTest" time="2.094"/>
  <testcase classname="testcases.Inventory_Page_2_Test" name="verifyTwitterLogoTest" time="2.038"/>
  <testcase classname="testcases.Inventory_Page_2_Test" name="verifyimage" time="3.035"/>
  <testcase classname="testcases.Inventory_Page_2_Test" name="verifyprice" time="2.049"/>
  <testcase classname="testcases.LoginPageTest" name="Title" time="0.067"/>
  <testcase classname="testcases.LoginPageTest" name="VerifyTitleofApplication" time="0.033"/>
  <testcase classname="testcases.LoginPageTest" name="loginToApplicationTest" time="0.029">
    <failure type="java.lang.NullPointerException" message="Cannot invoke &amp;quot;org.apache.poi.ss.usermodel.Cell.getStringCellValue()&amp;quot; because the return value of &amp;quot;org.apache.poi.ss.usermodel.Row.getCell(int)&amp;quot; is null">
      <![CDATA[java.lang.NullPointerException: Cannot invoke "org.apache.poi.ss.usermodel.Cell.getStringCellValue()" because the return value of "org.apache.poi.ss.usermodel.Row.getCell(int)" is null
at utility.ReadData.readExcel(ReadData.java:24)
at testcases.LoginPageTest.loginToApplicationTest(LoginPageTest.java:44)
at java.base/java.util.ArrayList.forEach(ArrayList.java:1511)
... Removed 27 stack frames]]>
    </failure>
  </testcase> <!-- loginToApplicationTest -->
</testsuite> <!-- Test -->
