<?xml version="1.0" encoding="UTF-8"?>
<!-- Generated by org.testng.reporters.JUnitXMLReporter -->
<testsuite ignored="10" hostname="Bhagyashri" failures="0" tests="2" name="Test(failed)" time="25.257" errors="0" timestamp="2023-12-05T12:02:52 IST">
  <testcase classname="testcases.LoginPageTest" name="loginToApplicationTest" time="0.842"/>
  <testcase classname="testcases.Inventory_Page_2_Test" name="remove2ProductsTest" time="6.471"/>
  <testcase classname="testcases.Inventory_Page_2_Test" name="add6ProductsTest" time="0.0">
    <ignored/>
  </testcase> <!-- add6ProductsTest -->
  <testcase classname="testcases.LoginPageTest" name="Title" time="0.0">
    <ignored/>
  </testcase> <!-- Title -->
  <testcase classname="testcases.Inventory_Page_2_Test" name="verifyLinkedInLogo" time="0.0">
    <ignored/>
  </testcase> <!-- verifyLinkedInLogo -->
  <testcase classname="testcases.Inventory_Page_2_Test" name="verifyimage" time="0.0">
    <ignored/>
  </testcase> <!-- verifyimage -->
  <testcase classname="testcases.Inventory_Page_2_Test" name="verifyprice" time="0.0">
    <ignored/>
  </testcase> <!-- verifyprice -->
  <testcase classname="testcases.Inventory_Page_2_Test" name="VerifyTitleofApplication" time="0.0">
    <ignored/>
  </testcase> <!-- VerifyTitleofApplication -->
  <testcase classname="testcases.LoginPageTest" name="VerifyTitleofApplication" time="0.0">
    <ignored/>
  </testcase> <!-- VerifyTitleofApplication -->
  <testcase classname="testcases.Inventory_Page_2_Test" name="verifyFacebookLogo" time="0.0">
    <ignored/>
  </testcase> <!-- verifyFacebookLogo -->
  <testcase classname="testcases.Inventory_Page_2_Test" name="verifyTwitterLogoTest" time="0.0">
    <ignored/>
  </testcase> <!-- verifyTwitterLogoTest -->
  <testcase classname="testcases.Inventory_Page_2_Test" name="verifyProductsLebalTest" time="0.0">
    <ignored/>
  </testcase> <!-- verifyProductsLebalTest -->
</testsuite> <!-- Test(failed) -->
