<?xml version="1.0" encoding="UTF-8"?>
<!-- Generated by org.testng.reporters.JUnitXMLReporter -->
<testsuite ignored="2" hostname="Bhagyashri" failures="0" tests="1" name="Default test" time="10.224" errors="0" timestamp="2023-12-13T16:03:33 IST">
  <testcase classname="testcases.LoginPageTest" name="loginToApplicationTest" time="0.887"/>
  <testcase classname="testcases.LoginPageTest" name="VerifyTitleofApplication" time="0.0">
    <ignored/>
  </testcase> <!-- VerifyTitleofApplication -->
  <testcase classname="testcases.LoginPageTest" name="Title" time="0.0">
    <ignored/>
  </testcase> <!-- Title -->
</testsuite> <!-- Default test -->
