<?xml version="1.0" encoding="UTF-8"?>
<!-- Generated by org.testng.reporters.JUnitXMLReporter -->
<testsuite ignored="0" hostname="Bhagyashri" failures="0" tests="27" name="Test" time="423.84" errors="0" timestamp="2023-12-11T15:56:01 IST">
  <testcase classname="testcases.CartPageTest" name="remove3ProductCartTest" time="3.302"/>
  <testcase classname="testcases.CartPageTest" name="verifyCartQTYlableTest" time="3.282"/>
  <testcase classname="testcases.CartPageTest" name="verifyCartUrlApplicationTest" time="3.09"/>
  <testcase classname="testcases.CartPageTest" name="verifyCartdecriptionLableTest" time="3.269"/>
  <testcase classname="testcases.CartPageTest" name="verifyContinueShoppingCartUrlTest" time="3.336"/>
  <testcase classname="testcases.CartPageTest" name="verifyProductLableCartTest" time="0.091"/>
  <testcase classname="testcases.CartPageTest" name="verifyUrlCheckoutTest" time="6.284"/>
  <testcase classname="testcases.CheckoutPage1_Test" name="Inputinformation" time="0.292"/>
  <testcase classname="testcases.CheckoutPage1_Test" name="verifyURLofCheckoutPage1" time="0.006"/>
  <testcase classname="testcases.CheckoutPage1_Test" name="verifytitleofapplication" time="0.03"/>
  <testcase classname="testcases.CheckOutPage2Test" name="verifyDescription" time="0.022"/>
  <testcase classname="testcases.CheckOutPage2Test" name="verifyPaymentInfo" time="0.035"/>
  <testcase classname="testcases.CheckOutPage2Test" name="verifyQTY" time="0.025"/>
  <testcase classname="testcases.CheckOutPage2Test" name="verifyShiipingInfo" time="0.028"/>
  <testcase classname="testcases.CheckOutPage2Test" name="verifyURLofCTitlecheckoutpage2" time="0.008"/>
  <testcase classname="testcases.Inventory_Page_2_Test" name="VerifyTitleofApplication" time="2.03"/>
  <testcase classname="testcases.Inventory_Page_2_Test" name="add6ProductsTest" time="4.877"/>
  <testcase classname="testcases.Inventory_Page_2_Test" name="remove2ProductsTest" time="6.552"/>
  <testcase classname="testcases.Inventory_Page_2_Test" name="verifyFacebookLogo" time="0.035"/>
  <testcase classname="testcases.Inventory_Page_2_Test" name="verifyLinkedInLogo" time="2.063"/>
  <testcase classname="testcases.Inventory_Page_2_Test" name="verifyProductsLebalTest" time="2.133"/>
  <testcase classname="testcases.Inventory_Page_2_Test" name="verifyTwitterLogoTest" time="2.054"/>
  <testcase classname="testcases.Inventory_Page_2_Test" name="verifyimage" time="3.059"/>
  <testcase classname="testcases.Inventory_Page_2_Test" name="verifyprice" time="2.058"/>
  <testcase classname="testcases.LoginPageTest" name="Title" time="0.255"/>
  <testcase classname="testcases.LoginPageTest" name="VerifyTitleofApplication" time="0.104"/>
  <testcase classname="testcases.LoginPageTest" name="loginToApplicationTest" time="0.564"/>
</testsuite> <!-- Test -->
